Using pre-set license
Built from '2020.3/staging' branch; Version is '2020.3.11f1 (99c7afb366b3) revision 10078127'; Using compiler version '192528614'; Build Type 'Release'
OS: 'Windows 10 Home; OS build 19042.985; Version 2009; 64bit' Language: 'ko' Physical Memory: 7990 MB
BatchMode: 1, IsHumanControllingUs: 0, StartBugReporterOnCrash: 0, Is64bit: 1, IsPro: 0

 COMMAND LINE ARGUMENTS:
C:\Program Files\Unity\Hub\Editor\2020.3.11f1\Editor\Unity.exe
-adb2
-batchMode
-noUpm
-name
AssetImportWorker0
-projectPath
C:/Users/82104/Desktop/unity_main_study/21.06.19 - Animation
-logFile
Logs/AssetImportWorker0.log
-srvPort
60465
Successfully changed project path to: C:/Users/82104/Desktop/unity_main_study/21.06.19 - Animation
C:/Users/82104/Desktop/unity_main_study/21.06.19 - Animation
Using Asset Import Pipeline V2.
Refreshing native plugins compatible for Editor in 29.34 ms, found 2 plugins.
Preloading 0 native plugins for Editor in 0.00 ms.
Initialize engine version: 2020.3.11f1 (99c7afb366b3)
[Subsystems] Discovering subsystems at path C:/Program Files/Unity/Hub/Editor/2020.3.11f1/Editor/Data/Resources/UnitySubsystems
[Subsystems] Discovering subsystems at path C:/Users/82104/Desktop/unity_main_study/21.06.19 - Animation/Assets
GfxDevice: creating device client; threaded=0
Direct3D:
    Version:  Direct3D 11.0 [level 11.1]
    Renderer: NVIDIA GeForce MX250 (ID=0x1d52)
    Vendor:   
    VRAM:     1983 MB
    Driver:   27.21.14.6231
Initialize mono
Mono path[0] = 'C:/Program Files/Unity/Hub/Editor/2020.3.11f1/Editor/Data/Managed'
Mono path[1] = 'C:/Program Files/Unity/Hub/Editor/2020.3.11f1/Editor/Data/MonoBleedingEdge/lib/mono/unityjit'
Mono config path = 'C:/Program Files/Unity/Hub/Editor/2020.3.11f1/Editor/Data/MonoBleedingEdge/etc'
Using monoOptions --debugger-agent=transport=dt_socket,embedding=1,server=y,suspend=n,address=127.0.0.1:56032
Begin MonoManager ReloadAssembly
Registering precompiled unity dll's ...
Register platform support module: C:/Program Files/Unity/Hub/Editor/2020.3.11f1/Editor/Data/PlaybackEngines/WebGLSupport/UnityEditor.WebGL.Extensions.dll
Register platform support module: C:/Program Files/Unity/Hub/Editor/2020.3.11f1/Editor/Data/PlaybackEngines/WindowsStandaloneSupport/UnityEditor.WindowsStandalone.Extensions.dll
Registered in 0.003307 seconds.
Native extension for WindowsStandalone target not found
Native extension for WebGL target not found
Refreshing native plugins compatible for Editor in 30.76 ms, found 2 plugins.
Preloading 0 native plugins for Editor in 0.00 ms.
Mono: successfully reloaded assembly
- Completed reload, in  1.344 seconds
Platform modules already initialized, skipping
Registering precompiled user dll's ...
Registered in 0.004836 seconds.
Begin MonoManager ReloadAssembly
Native extension for WindowsStandalone target not found
Native extension for WebGL target not found
Refreshing native plugins compatible for Editor in 0.35 ms, found 2 plugins.
Preloading 0 native plugins for Editor in 0.00 ms.
Mono: successfully reloaded assembly
- Completed reload, in  1.066 seconds
Platform modules already initialized, skipping
========================================================================
Worker process is ready to serve import requests
Launched and connected shader compiler UnityShaderCompiler.exe after 0.05 seconds
Refreshing native plugins compatible for Editor in 0.35 ms, found 2 plugins.
Preloading 0 native plugins for Editor in 0.00 ms.
Unloading 1386 Unused Serialized files (Serialized files now loaded: 0)
System memory in use before: 64.7 MB.
System memory in use after: 64.7 MB.

Unloading 19 unused Assets to reduce memory usage. Loaded Objects now: 1819.
Total: 2.223800 ms (FindLiveObjects: 0.160400 ms CreateObjectMapping: 0.034900 ms MarkObjects: 1.932500 ms  DeleteObjects: 0.095200 ms)

========================================================================
Received Import Request.
  path: Assets/Animations
  artifactKey: Guid(4406a0ff7d2809f44923d459afa744b9) Importer(815301076,1909f56bfc062723c751e8b465ee728b)
Start importing Assets/Animations using Guid(4406a0ff7d2809f44923d459afa744b9) Importer(815301076,1909f56bfc062723c751e8b465ee728b)  -> (artifact id: 'f5fd44d74eccae886bbf859e8d62aa6e') in 0.007875 seconds
  Import took 0.010411 seconds .

========================================================================
Received Import Request.
  Time since last request: 66.532583 seconds.
  path: Assets/Animations/CubeMan.controller
  artifactKey: Guid(fc54833cf4c97fc4fba4da4104a5aa9c) Importer(815301076,1909f56bfc062723c751e8b465ee728b)
Start importing Assets/Animations/CubeMan.controller using Guid(fc54833cf4c97fc4fba4da4104a5aa9c) Importer(815301076,1909f56bfc062723c751e8b465ee728b)  -> (artifact id: 'ed7a7ac47158cf6e828b526834ee30a3') in 0.040150 seconds
  Import took 0.042702 seconds .

========================================================================
Received Import Request.
  Time since last request: 2678.095478 seconds.
  path: Assets/Animations/CubeMan.prefab
  artifactKey: Guid(1f5e346217dd725448cff1b7d00e74d4) Importer(815301076,1909f56bfc062723c751e8b465ee728b)
Start importing Assets/Animations/CubeMan.prefab using Guid(1f5e346217dd725448cff1b7d00e74d4) Importer(815301076,1909f56bfc062723c751e8b465ee728b)  -> (artifact id: '1fccd0a3d3f2839ec051be598fa57cd3') in 0.085104 seconds
  Import took 0.088355 seconds .

========================================================================
Received Import Request.
  Time since last request: 224.455259 seconds.
  path: Assets/Prefabs
  artifactKey: Guid(f364c7cc233968a4c91c485dbf116556) Importer(815301076,1909f56bfc062723c751e8b465ee728b)
Start importing Assets/Prefabs using Guid(f364c7cc233968a4c91c485dbf116556) Importer(815301076,1909f56bfc062723c751e8b465ee728b)  -> (artifact id: '84b7c2ce46e50dc1f544392989ba553a') in 0.005822 seconds
  Import took 0.008469 seconds .

========================================================================
Received Prepare
Registering precompiled user dll's ...
Registered in 0.007393 seconds.
Begin MonoManager ReloadAssembly
Native extension for WindowsStandalone target not found
Native extension for WebGL target not found
Refreshing native plugins compatible for Editor in 0.33 ms, found 2 plugins.
Preloading 0 native plugins for Editor in 0.00 ms.
Mono: successfully reloaded assembly
- Completed reload, in  1.020 seconds
Platform modules already initialized, skipping
Refreshing native plugins compatible for Editor in 0.29 ms, found 2 plugins.
Preloading 0 native plugins for Editor in 0.00 ms.
Unloading 1381 Unused Serialized files (Serialized files now loaded: 0)
System memory in use before: 67.7 MB.
System memory in use after: 67.8 MB.

Unloading 15 unused Assets to reduce memory usage. Loaded Objects now: 1830.
Total: 2.103200 ms (FindLiveObjects: 0.156300 ms CreateObjectMapping: 0.035800 ms MarkObjects: 1.820800 ms  DeleteObjects: 0.089600 ms)

========================================================================
Received Import Request.
  Time since last request: 4603.583288 seconds.
  path: Assets/Animations/CubeMan .controller
  artifactKey: Guid(cf85147dcaaad5e41b095d889a0425bc) Importer(815301076,1909f56bfc062723c751e8b465ee728b)
Start importing Assets/Animations/CubeMan .controller using Guid(cf85147dcaaad5e41b095d889a0425bc) Importer(815301076,1909f56bfc062723c751e8b465ee728b)  -> (artifact id: '0ddbab8c853a2b7408a33479d1e91ec3') in 0.026059 seconds
  Import took 0.029917 seconds .

========================================================================
Received Import Request.
  Time since last request: 57.098815 seconds.
  path: Assets/Animations/Idle.anim
  artifactKey: Guid(fb8ff963b5cd9e4418dec5db6a6cc61f) Importer(815301076,1909f56bfc062723c751e8b465ee728b)
Start importing Assets/Animations/Idle.anim using Guid(fb8ff963b5cd9e4418dec5db6a6cc61f) Importer(815301076,1909f56bfc062723c751e8b465ee728b)  -> (artifact id: '0144850c9fb9da6ac137d12d42810ffa') in 0.007683 seconds
  Import took 0.010922 seconds .

========================================================================
Received Import Request.
  Time since last request: 0.003227 seconds.
  path: Assets/Animations/Idle.anim
  artifactKey: Guid(fb8ff963b5cd9e4418dec5db6a6cc61f) Importer(815301076,1909f56bfc062723c751e8b465ee728b)
Start importing Assets/Animations/Idle.anim using Guid(fb8ff963b5cd9e4418dec5db6a6cc61f) Importer(815301076,1909f56bfc062723c751e8b465ee728b)  -> (artifact id: '0144850c9fb9da6ac137d12d42810ffa') in 0.006379 seconds
  Import took 0.009492 seconds .

========================================================================
Received Import Request.
  Time since last request: 21.403782 seconds.
  path: Assets/Animations/Move.anim
  artifactKey: Guid(2224586b346bb5a429f21f9c50130df0) Importer(815301076,1909f56bfc062723c751e8b465ee728b)
Start importing Assets/Animations/Move.anim using Guid(2224586b346bb5a429f21f9c50130df0) Importer(815301076,1909f56bfc062723c751e8b465ee728b)  -> (artifact id: 'fe6fd3b5c59bcecbf931e2eb815b2d56') in 0.006363 seconds
  Import took 0.010686 seconds .

========================================================================
Received Import Request.
  Time since last request: 0.005167 seconds.
  path: Assets/Animations/Move.anim
  artifactKey: Guid(2224586b346bb5a429f21f9c50130df0) Importer(815301076,1909f56bfc062723c751e8b465ee728b)
Start importing Assets/Animations/Move.anim using Guid(2224586b346bb5a429f21f9c50130df0) Importer(815301076,1909f56bfc062723c751e8b465ee728b)  -> (artifact id: 'fe6fd3b5c59bcecbf931e2eb815b2d56') in 0.005402 seconds
  Import took 0.008505 seconds .

========================================================================
Received Import Request.
  Time since last request: 155.391926 seconds.
  path: Assets/Animations/BottomIdle.anim
  artifactKey: Guid(1ec74ec928760aa419ad57a9a2b117be) Importer(815301076,1909f56bfc062723c751e8b465ee728b)
Start importing Assets/Animations/BottomIdle.anim using Guid(1ec74ec928760aa419ad57a9a2b117be) Importer(815301076,1909f56bfc062723c751e8b465ee728b)  -> (artifact id: '55ad8314dc8078fbe0a72808cd1db364') in 0.004712 seconds
  Import took 0.009249 seconds .

========================================================================
Received Prepare
Registering precompiled user dll's ...
Registered in 0.004467 seconds.
Begin MonoManager ReloadAssembly
Native extension for WindowsStandalone target not found
Native extension for WebGL target not found
Refreshing native plugins compatible for Editor in 0.39 ms, found 2 plugins.
Preloading 0 native plugins for Editor in 0.00 ms.
Mono: successfully reloaded assembly
- Completed reload, in  1.022 seconds
Platform modules already initialized, skipping
Refreshing native plugins compatible for Editor in 0.32 ms, found 2 plugins.
Preloading 0 native plugins for Editor in 0.00 ms.
Unloading 1381 Unused Serialized files (Serialized files now loaded: 0)
System memory in use before: 67.8 MB.
System memory in use after: 67.8 MB.

Unloading 14 unused Assets to reduce memory usage. Loaded Objects now: 1833.
Total: 1.755300 ms (FindLiveObjects: 0.151500 ms CreateObjectMapping: 0.044400 ms MarkObjects: 1.504400 ms  DeleteObjects: 0.054000 ms)

========================================================================
Received Import Request.
  Time since last request: 25.199318 seconds.
  path: Assets/Animations/CubeMan .controller
  artifactKey: Guid(cf85147dcaaad5e41b095d889a0425bc) Importer(815301076,1909f56bfc062723c751e8b465ee728b)
Start importing Assets/Animations/CubeMan .controller using Guid(cf85147dcaaad5e41b095d889a0425bc) Importer(815301076,1909f56bfc062723c751e8b465ee728b)  -> (artifact id: '3a2fdb5498f84634bc0008271b0198bd') in 0.020569 seconds
  Import took 0.025510 seconds .

========================================================================
Received Prepare
Registering precompiled user dll's ...
Registered in 0.003978 seconds.
Begin MonoManager ReloadAssembly
Native extension for WindowsStandalone target not found
Native extension for WebGL target not found
Refreshing native plugins compatible for Editor in 0.36 ms, found 2 plugins.
Preloading 0 native plugins for Editor in 0.00 ms.
Mono: successfully reloaded assembly
- Completed reload, in  1.002 seconds
Platform modules already initialized, skipping
Refreshing native plugins compatible for Editor in 0.33 ms, found 2 plugins.
Preloading 0 native plugins for Editor in 0.00 ms.
Unloading 1381 Unused Serialized files (Serialized files now loaded: 0)
System memory in use before: 67.8 MB.
System memory in use after: 67.8 MB.

Unloading 14 unused Assets to reduce memory usage. Loaded Objects now: 1836.
Total: 1.915100 ms (FindLiveObjects: 0.159200 ms CreateObjectMapping: 0.035800 ms MarkObjects: 1.668200 ms  DeleteObjects: 0.050900 ms)

========================================================================
Received Prepare
Registering precompiled user dll's ...
Registered in 0.006416 seconds.
Begin MonoManager ReloadAssembly
Native extension for WindowsStandalone target not found
Native extension for WebGL target not found
Refreshing native plugins compatible for Editor in 0.43 ms, found 2 plugins.
Preloading 0 native plugins for Editor in 0.00 ms.
Mono: successfully reloaded assembly
- Completed reload, in  1.758 seconds
Platform modules already initialized, skipping
Refreshing native plugins compatible for Editor in 0.39 ms, found 2 plugins.
Preloading 0 native plugins for Editor in 0.00 ms.
Unloading 1381 Unused Serialized files (Serialized files now loaded: 0)
System memory in use before: 67.8 MB.
System memory in use after: 67.9 MB.

Unloading 14 unused Assets to reduce memory usage. Loaded Objects now: 1839.
Total: 2.737100 ms (FindLiveObjects: 0.210100 ms CreateObjectMapping: 0.070500 ms MarkObjects: 2.384600 ms  DeleteObjects: 0.070000 ms)

========================================================================
Received Prepare
Registering precompiled user dll's ...
Registered in 0.004510 seconds.
Begin MonoManager ReloadAssembly
Native extension for WindowsStandalone target not found
Native extension for WebGL target not found
Refreshing native plugins compatible for Editor in 0.31 ms, found 2 plugins.
Preloading 0 native plugins for Editor in 0.00 ms.
Mono: successfully reloaded assembly
- Completed reload, in  1.007 seconds
Platform modules already initialized, skipping
Refreshing native plugins compatible for Editor in 0.34 ms, found 2 plugins.
Preloading 0 native plugins for Editor in 0.00 ms.
Unloading 1381 Unused Serialized files (Serialized files now loaded: 0)
System memory in use before: 67.8 MB.
System memory in use after: 67.9 MB.

Unloading 14 unused Assets to reduce memory usage. Loaded Objects now: 1842.
Total: 2.238300 ms (FindLiveObjects: 0.197800 ms CreateObjectMapping: 0.043800 ms MarkObjects: 1.939600 ms  DeleteObjects: 0.055900 ms)

========================================================================
Received Import Request.
  Time since last request: 1280.983330 seconds.
  path: Assets/Animations/CubeMan .controller
  artifactKey: Guid(cf85147dcaaad5e41b095d889a0425bc) Importer(815301076,1909f56bfc062723c751e8b465ee728b)
Start importing Assets/Animations/CubeMan .controller using Guid(cf85147dcaaad5e41b095d889a0425bc) Importer(815301076,1909f56bfc062723c751e8b465ee728b)  -> (artifact id: '54962b4370be22f7d00a4e305ae6a84d') in 0.019566 seconds
  Import took 0.023901 seconds .

========================================================================
Received Prepare
Registering precompiled user dll's ...
Registered in 0.004560 seconds.
Begin MonoManager ReloadAssembly
Native extension for WindowsStandalone target not found
Native extension for WebGL target not found
Refreshing native plugins compatible for Editor in 0.34 ms, found 2 plugins.
Preloading 0 native plugins for Editor in 0.00 ms.
Mono: successfully reloaded assembly
- Completed reload, in  1.007 seconds
Platform modules already initialized, skipping
Refreshing native plugins compatible for Editor in 0.31 ms, found 2 plugins.
Preloading 0 native plugins for Editor in 0.00 ms.
Unloading 1381 Unused Serialized files (Serialized files now loaded: 0)
System memory in use before: 67.8 MB.
System memory in use after: 67.9 MB.

Unloading 14 unused Assets to reduce memory usage. Loaded Objects now: 1845.
Total: 1.842000 ms (FindLiveObjects: 0.164900 ms CreateObjectMapping: 0.043200 ms MarkObjects: 1.581500 ms  DeleteObjects: 0.051400 ms)

========================================================================
Received Import Request.
  Time since last request: 34.446016 seconds.
  path: Assets/Animations/CubeMan .controller
  artifactKey: Guid(cf85147dcaaad5e41b095d889a0425bc) Importer(815301076,1909f56bfc062723c751e8b465ee728b)
Start importing Assets/Animations/CubeMan .controller using Guid(cf85147dcaaad5e41b095d889a0425bc) Importer(815301076,1909f56bfc062723c751e8b465ee728b)  -> (artifact id: 'de9b33c81a90b3c2b4189977a323e7e4') in 0.017555 seconds
  Import took 0.021823 seconds .

========================================================================
Received Import Request.
  Time since last request: 0.001352 seconds.
  path: Assets/Animations/CubeMan .controller
  artifactKey: Guid(cf85147dcaaad5e41b095d889a0425bc) Importer(815301076,1909f56bfc062723c751e8b465ee728b)
Start importing Assets/Animations/CubeMan .controller using Guid(cf85147dcaaad5e41b095d889a0425bc) Importer(815301076,1909f56bfc062723c751e8b465ee728b)  -> (artifact id: 'de9b33c81a90b3c2b4189977a323e7e4') in 0.007365 seconds
  Import took 0.009714 seconds .

========================================================================
Received Prepare
Registering precompiled user dll's ...
Registered in 0.004459 seconds.
Begin MonoManager ReloadAssembly
Native extension for WindowsStandalone target not found
Native extension for WebGL target not found
Refreshing native plugins compatible for Editor in 0.98 ms, found 2 plugins.
Preloading 0 native plugins for Editor in 0.00 ms.
Mono: successfully reloaded assembly
- Completed reload, in  0.997 seconds
Platform modules already initialized, skipping
Refreshing native plugins compatible for Editor in 0.34 ms, found 2 plugins.
Preloading 0 native plugins for Editor in 0.00 ms.
Unloading 1381 Unused Serialized files (Serialized files now loaded: 0)
System memory in use before: 67.8 MB.
System memory in use after: 67.9 MB.

Unloading 14 unused Assets to reduce memory usage. Loaded Objects now: 1848.
Total: 2.012900 ms (FindLiveObjects: 0.168500 ms CreateObjectMapping: 0.044500 ms MarkObjects: 1.716200 ms  DeleteObjects: 0.082600 ms)

========================================================================
Received Import Request.
  Time since last request: 375.559763 seconds.
  path: Assets/Scripts
  artifactKey: Guid(d26b4437819c10e4e87347b19e600366) Importer(815301076,1909f56bfc062723c751e8b465ee728b)
Start importing Assets/Scripts using Guid(d26b4437819c10e4e87347b19e600366) Importer(815301076,1909f56bfc062723c751e8b465ee728b)  -> (artifact id: '7b42d531ac7a9928d45961c3ed329acb') in 0.006691 seconds
  Import took 0.009152 seconds .

========================================================================
Received Import Request.
  Time since last request: 57.554215 seconds.
  path: Assets/Scripts/MovePlayer.cs
  artifactKey: Guid(1f2f4ebb8fb991a4695e42dd14c89fd6) Importer(815301076,1909f56bfc062723c751e8b465ee728b)
Start importing Assets/Scripts/MovePlayer.cs using Guid(1f2f4ebb8fb991a4695e42dd14c89fd6) Importer(815301076,1909f56bfc062723c751e8b465ee728b)  -> (artifact id: '287f3775d2d236203bdc1e1b7dd67cdc') in 0.017323 seconds
  Import took 0.020616 seconds .

========================================================================
Received Import Request.
  Time since last request: 0.003398 seconds.
  path: Assets/Scripts/MovePlayer.cs
  artifactKey: Guid(1f2f4ebb8fb991a4695e42dd14c89fd6) Importer(815301076,1909f56bfc062723c751e8b465ee728b)
Start importing Assets/Scripts/MovePlayer.cs using Guid(1f2f4ebb8fb991a4695e42dd14c89fd6) Importer(815301076,1909f56bfc062723c751e8b465ee728b)  -> (artifact id: '287f3775d2d236203bdc1e1b7dd67cdc') in 0.005131 seconds
  Import took 0.008119 seconds .

========================================================================
Received Prepare
Registering precompiled user dll's ...
Registered in 0.005704 seconds.
Begin MonoManager ReloadAssembly
Native extension for WindowsStandalone target not found
Native extension for WebGL target not found
Refreshing native plugins compatible for Editor in 0.31 ms, found 2 plugins.
Preloading 0 native plugins for Editor in 0.00 ms.
Mono: successfully reloaded assembly
- Completed reload, in  1.178 seconds
Platform modules already initialized, skipping
Refreshing native plugins compatible for Editor in 0.31 ms, found 2 plugins.
Preloading 0 native plugins for Editor in 0.00 ms.
Unloading 1382 Unused Serialized files (Serialized files now loaded: 0)
System memory in use before: 67.8 MB.
System memory in use after: 67.9 MB.

Unloading 14 unused Assets to reduce memory usage. Loaded Objects now: 1852.
Total: 1.933600 ms (FindLiveObjects: 0.221000 ms CreateObjectMapping: 0.051700 ms MarkObjects: 1.601400 ms  DeleteObjects: 0.057900 ms)

========================================================================
Received Prepare
Registering precompiled user dll's ...
Registered in 0.004461 seconds.
Begin MonoManager ReloadAssembly
Native extension for WindowsStandalone target not found
Native extension for WebGL target not found
Refreshing native plugins compatible for Editor in 0.47 ms, found 2 plugins.
Preloading 0 native plugins for Editor in 0.00 ms.
Mono: successfully reloaded assembly
- Completed reload, in  0.995 seconds
Platform modules already initialized, skipping
Refreshing native plugins compatible for Editor in 0.34 ms, found 2 plugins.
Preloading 0 native plugins for Editor in 0.00 ms.
Unloading 1382 Unused Serialized files (Serialized files now loaded: 0)
System memory in use before: 67.9 MB.
System memory in use after: 67.9 MB.

Unloading 14 unused Assets to reduce memory usage. Loaded Objects now: 1855.
Total: 2.387700 ms (FindLiveObjects: 0.190700 ms CreateObjectMapping: 0.039200 ms MarkObjects: 2.093900 ms  DeleteObjects: 0.062700 ms)

========================================================================
Received Import Request.
  Time since last request: 234.698716 seconds.
  path: Assets/Scripts/MovePlayer.cs
  artifactKey: Guid(1f2f4ebb8fb991a4695e42dd14c89fd6) Importer(815301076,1909f56bfc062723c751e8b465ee728b)
Start importing Assets/Scripts/MovePlayer.cs using Guid(1f2f4ebb8fb991a4695e42dd14c89fd6) Importer(815301076,1909f56bfc062723c751e8b465ee728b)  -> (artifact id: 'e462d4bc4ea1f9f6d6611f8f190fe4d7') in 0.006371 seconds
  Import took 0.009635 seconds .

========================================================================
Received Import Request.
  Time since last request: 0.031383 seconds.
  path: Assets/Scripts/MovePlayer.cs
  artifactKey: Guid(1f2f4ebb8fb991a4695e42dd14c89fd6) Importer(815301076,1909f56bfc062723c751e8b465ee728b)
Start importing Assets/Scripts/MovePlayer.cs using Guid(1f2f4ebb8fb991a4695e42dd14c89fd6) Importer(815301076,1909f56bfc062723c751e8b465ee728b)  -> (artifact id: 'e462d4bc4ea1f9f6d6611f8f190fe4d7') in 0.004237 seconds
  Import took 0.006509 seconds .

========================================================================
Received Prepare
Registering precompiled user dll's ...
Registered in 0.004339 seconds.
Begin MonoManager ReloadAssembly
Native extension for WindowsStandalone target not found
Native extension for WebGL target not found
Refreshing native plugins compatible for Editor in 0.34 ms, found 2 plugins.
Preloading 0 native plugins for Editor in 0.00 ms.
Mono: successfully reloaded assembly
- Completed reload, in  1.085 seconds
Platform modules already initialized, skipping
Refreshing native plugins compatible for Editor in 0.34 ms, found 2 plugins.
Preloading 0 native plugins for Editor in 0.00 ms.
Unloading 1382 Unused Serialized files (Serialized files now loaded: 0)
System memory in use before: 67.9 MB.
System memory in use after: 67.9 MB.

Unloading 14 unused Assets to reduce memory usage. Loaded Objects now: 1858.
Total: 2.402200 ms (FindLiveObjects: 0.188500 ms CreateObjectMapping: 0.039600 ms MarkObjects: 2.092800 ms  DeleteObjects: 0.080500 ms)

========================================================================
Received Prepare
Registering precompiled user dll's ...
Registered in 0.007914 seconds.
Begin MonoManager ReloadAssembly
Native extension for WindowsStandalone target not found
Native extension for WebGL target not found
Refreshing native plugins compatible for Editor in 0.51 ms, found 2 plugins.
Preloading 0 native plugins for Editor in 0.00 ms.
Mono: successfully reloaded assembly
- Completed reload, in  2.003 seconds
Platform modules already initialized, skipping
Refreshing native plugins compatible for Editor in 0.51 ms, found 2 plugins.
Preloading 0 native plugins for Editor in 0.00 ms.
Unloading 1382 Unused Serialized files (Serialized files now loaded: 0)
System memory in use before: 67.9 MB.
System memory in use after: 67.9 MB.

Unloading 14 unused Assets to reduce memory usage. Loaded Objects now: 1861.
Total: 4.122500 ms (FindLiveObjects: 0.354800 ms CreateObjectMapping: 0.096100 ms MarkObjects: 3.569700 ms  DeleteObjects: 0.099900 ms)

========================================================================
Received Prepare
Registering precompiled user dll's ...
Registered in 0.006075 seconds.
Begin MonoManager ReloadAssembly
Native extension for WindowsStandalone target not found
Native extension for WebGL target not found
Refreshing native plugins compatible for Editor in 0.40 ms, found 2 plugins.
Preloading 0 native plugins for Editor in 0.00 ms.
Mono: successfully reloaded assembly
- Completed reload, in  0.997 seconds
Platform modules already initialized, skipping
Refreshing native plugins compatible for Editor in 0.30 ms, found 2 plugins.
Preloading 0 native plugins for Editor in 0.00 ms.
Unloading 1382 Unused Serialized files (Serialized files now loaded: 0)
System memory in use before: 67.9 MB.
System memory in use after: 67.9 MB.

Unloading 14 unused Assets to reduce memory usage. Loaded Objects now: 1864.
Total: 2.030000 ms (FindLiveObjects: 0.137300 ms CreateObjectMapping: 0.037000 ms MarkObjects: 1.800000 ms  DeleteObjects: 0.054500 ms)

========================================================================
Received Prepare
Registering precompiled user dll's ...
Registered in 0.004187 seconds.
Begin MonoManager ReloadAssembly
Native extension for WindowsStandalone target not found
Native extension for WebGL target not found
Refreshing native plugins compatible for Editor in 0.37 ms, found 2 plugins.
Preloading 0 native plugins for Editor in 0.00 ms.
Mono: successfully reloaded assembly
- Completed reload, in  1.002 seconds
Platform modules already initialized, skipping
Refreshing native plugins compatible for Editor in 0.31 ms, found 2 plugins.
Preloading 0 native plugins for Editor in 0.00 ms.
Unloading 1382 Unused Serialized files (Serialized files now loaded: 0)
System memory in use before: 67.9 MB.
System memory in use after: 67.9 MB.

Unloading 14 unused Assets to reduce memory usage. Loaded Objects now: 1867.
Total: 1.791700 ms (FindLiveObjects: 0.150700 ms CreateObjectMapping: 0.041300 ms MarkObjects: 1.534000 ms  DeleteObjects: 0.064900 ms)

========================================================================
Received Prepare
Registering precompiled user dll's ...
Registered in 0.004062 seconds.
Begin MonoManager ReloadAssembly
Native extension for WindowsStandalone target not found
Native extension for WebGL target not found
Refreshing native plugins compatible for Editor in 0.40 ms, found 2 plugins.
Preloading 0 native plugins for Editor in 0.00 ms.
Mono: successfully reloaded assembly
- Completed reload, in  1.005 seconds
Platform modules already initialized, skipping
Refreshing native plugins compatible for Editor in 0.33 ms, found 2 plugins.
Preloading 0 native plugins for Editor in 0.00 ms.
Unloading 1382 Unused Serialized files (Serialized files now loaded: 0)
System memory in use before: 67.9 MB.
System memory in use after: 68.0 MB.

Unloading 14 unused Assets to reduce memory usage. Loaded Objects now: 1870.
Total: 2.360600 ms (FindLiveObjects: 0.193700 ms CreateObjectMapping: 0.041200 ms MarkObjects: 2.002400 ms  DeleteObjects: 0.122500 ms)

========================================================================
Received Prepare
Registering precompiled user dll's ...
Registered in 0.004014 seconds.
Begin MonoManager ReloadAssembly
Native extension for WindowsStandalone target not found
Native extension for WebGL target not found
Refreshing native plugins compatible for Editor in 0.31 ms, found 2 plugins.
Preloading 0 native plugins for Editor in 0.00 ms.
Mono: successfully reloaded assembly
- Completed reload, in  1.136 seconds
Platform modules already initialized, skipping
Refreshing native plugins compatible for Editor in 0.29 ms, found 2 plugins.
Preloading 0 native plugins for Editor in 0.00 ms.
Unloading 1382 Unused Serialized files (Serialized files now loaded: 0)
System memory in use before: 67.9 MB.
System memory in use after: 68.0 MB.

Unloading 14 unused Assets to reduce memory usage. Loaded Objects now: 1873.
Total: 1.938800 ms (FindLiveObjects: 0.166600 ms CreateObjectMapping: 0.035100 ms MarkObjects: 1.674000 ms  DeleteObjects: 0.062200 ms)

========================================================================
Received Prepare
Registering precompiled user dll's ...
Registered in 0.007832 seconds.
Begin MonoManager ReloadAssembly
Native extension for WindowsStandalone target not found
Native extension for WebGL target not found
Refreshing native plugins compatible for Editor in 0.42 ms, found 2 plugins.
Preloading 0 native plugins for Editor in 0.00 ms.
Mono: successfully reloaded assembly
- Completed reload, in  1.838 seconds
Platform modules already initialized, skipping
Refreshing native plugins compatible for Editor in 0.44 ms, found 2 plugins.
Preloading 0 native plugins for Editor in 0.00 ms.
Unloading 1382 Unused Serialized files (Serialized files now loaded: 0)
System memory in use before: 67.9 MB.
System memory in use after: 68.0 MB.

Unloading 14 unused Assets to reduce memory usage. Loaded Objects now: 1876.
Total: 2.719400 ms (FindLiveObjects: 0.220800 ms CreateObjectMapping: 0.078300 ms MarkObjects: 2.347500 ms  DeleteObjects: 0.070600 ms)

========================================================================
Received Prepare
Registering precompiled user dll's ...
Registered in 0.004096 seconds.
Begin MonoManager ReloadAssembly
Native extension for WindowsStandalone target not found
Native extension for WebGL target not found
Refreshing native plugins compatible for Editor in 0.33 ms, found 2 plugins.
Preloading 0 native plugins for Editor in 0.00 ms.
Mono: successfully reloaded assembly
- Completed reload, in  1.013 seconds
Platform modules already initialized, skipping
Refreshing native plugins compatible for Editor in 0.35 ms, found 2 plugins.
Preloading 0 native plugins for Editor in 0.00 ms.
Unloading 1382 Unused Serialized files (Serialized files now loaded: 0)
System memory in use before: 67.9 MB.
System memory in use after: 68.0 MB.

Unloading 14 unused Assets to reduce memory usage. Loaded Objects now: 1879.
Total: 2.250900 ms (FindLiveObjects: 0.174000 ms CreateObjectMapping: 0.044000 ms MarkObjects: 1.976700 ms  DeleteObjects: 0.055000 ms)

========================================================================
Received Prepare
Registering precompiled user dll's ...
Registered in 0.005547 seconds.
Begin MonoManager ReloadAssembly
Native extension for WindowsStandalone target not found
Native extension for WebGL target not found
Refreshing native plugins compatible for Editor in 0.29 ms, found 2 plugins.
Preloading 0 native plugins for Editor in 0.00 ms.
Mono: successfully reloaded assembly
- Completed reload, in  1.025 seconds
Platform modules already initialized, skipping
Refreshing native plugins compatible for Editor in 0.39 ms, found 2 plugins.
Preloading 0 native plugins for Editor in 0.00 ms.
Unloading 1382 Unused Serialized files (Serialized files now loaded: 0)
System memory in use before: 67.9 MB.
System memory in use after: 68.0 MB.

Unloading 14 unused Assets to reduce memory usage. Loaded Objects now: 1882.
Total: 2.210300 ms (FindLiveObjects: 0.192000 ms CreateObjectMapping: 0.036000 ms MarkObjects: 1.904100 ms  DeleteObjects: 0.077100 ms)

========================================================================
Received Prepare
Registering precompiled user dll's ...
Registered in 0.004137 seconds.
Begin MonoManager ReloadAssembly
Native extension for WindowsStandalone target not found
Native extension for WebGL target not found
Refreshing native plugins compatible for Editor in 0.34 ms, found 2 plugins.
Preloading 0 native plugins for Editor in 0.00 ms.
Mono: successfully reloaded assembly
- Completed reload, in  0.987 seconds
Platform modules already initialized, skipping
Refreshing native plugins compatible for Editor in 0.30 ms, found 2 plugins.
Preloading 0 native plugins for Editor in 0.00 ms.
Unloading 1382 Unused Serialized files (Serialized files now loaded: 0)
System memory in use before: 67.9 MB.
System memory in use after: 68.0 MB.

Unloading 14 unused Assets to reduce memory usage. Loaded Objects now: 1885.
Total: 1.855100 ms (FindLiveObjects: 0.156600 ms CreateObjectMapping: 0.044100 ms MarkObjects: 1.567800 ms  DeleteObjects: 0.085400 ms)

========================================================================
Received Prepare
Registering precompiled user dll's ...
Registered in 0.004410 seconds.
Begin MonoManager ReloadAssembly
Native extension for WindowsStandalone target not found
Native extension for WebGL target not found
Refreshing native plugins compatible for Editor in 0.31 ms, found 2 plugins.
Preloading 0 native plugins for Editor in 0.00 ms.
Mono: successfully reloaded assembly
- Completed reload, in  1.063 seconds
Platform modules already initialized, skipping
Refreshing native plugins compatible for Editor in 0.31 ms, found 2 plugins.
Preloading 0 native plugins for Editor in 0.00 ms.
Unloading 1382 Unused Serialized files (Serialized files now loaded: 0)
System memory in use before: 67.9 MB.
System memory in use after: 68.0 MB.

Unloading 14 unused Assets to reduce memory usage. Loaded Objects now: 1888.
Total: 1.919500 ms (FindLiveObjects: 0.177200 ms CreateObjectMapping: 0.042500 ms MarkObjects: 1.607600 ms  DeleteObjects: 0.091300 ms)

========================================================================
Received Prepare
Registering precompiled user dll's ...
Registered in 0.003963 seconds.
Begin MonoManager ReloadAssembly
Native extension for WindowsStandalone target not found
Native extension for WebGL target not found
Refreshing native plugins compatible for Editor in 0.37 ms, found 2 plugins.
Preloading 0 native plugins for Editor in 0.00 ms.
Mono: successfully reloaded assembly
- Completed reload, in  0.994 seconds
Platform modules already initialized, skipping
Refreshing native plugins compatible for Editor in 0.36 ms, found 2 plugins.
Preloading 0 native plugins for Editor in 0.00 ms.
Unloading 1382 Unused Serialized files (Serialized files now loaded: 0)
System memory in use before: 67.9 MB.
System memory in use after: 68.0 MB.

Unloading 14 unused Assets to reduce memory usage. Loaded Objects now: 1891.
Total: 2.292900 ms (FindLiveObjects: 0.194400 ms CreateObjectMapping: 0.041800 ms MarkObjects: 1.960100 ms  DeleteObjects: 0.095800 ms)

========================================================================
Received Prepare
Registering precompiled user dll's ...
Registered in 0.004203 seconds.
Begin MonoManager ReloadAssembly
Native extension for WindowsStandalone target not found
Native extension for WebGL target not found
Refreshing native plugins compatible for Editor in 0.31 ms, found 2 plugins.
Preloading 0 native plugins for Editor in 0.00 ms.
Mono: successfully reloaded assembly
- Completed reload, in  1.058 seconds
Platform modules already initialized, skipping
Refreshing native plugins compatible for Editor in 0.31 ms, found 2 plugins.
Preloading 0 native plugins for Editor in 0.00 ms.
Unloading 1382 Unused Serialized files (Serialized files now loaded: 0)
System memory in use before: 67.9 MB.
System memory in use after: 68.0 MB.

Unloading 14 unused Assets to reduce memory usage. Loaded Objects now: 1894.
Total: 1.935000 ms (FindLiveObjects: 0.178100 ms CreateObjectMapping: 0.059500 ms MarkObjects: 1.647800 ms  DeleteObjects: 0.047800 ms)

========================================================================
Received Prepare
Registering precompiled user dll's ...
Registered in 0.004107 seconds.
Begin MonoManager ReloadAssembly
Native extension for WindowsStandalone target not found
Native extension for WebGL target not found
Refreshing native plugins compatible for Editor in 0.33 ms, found 2 plugins.
Preloading 0 native plugins for Editor in 0.00 ms.
Mono: successfully reloaded assembly
- Completed reload, in  0.981 seconds
Platform modules already initialized, skipping
Refreshing native plugins compatible for Editor in 0.44 ms, found 2 plugins.
Preloading 0 native plugins for Editor in 0.00 ms.
Unloading 1382 Unused Serialized files (Serialized files now loaded: 0)
System memory in use before: 67.9 MB.
System memory in use after: 68.0 MB.

Unloading 14 unused Assets to reduce memory usage. Loaded Objects now: 1897.
Total: 2.308600 ms (FindLiveObjects: 0.179700 ms CreateObjectMapping: 0.037600 ms MarkObjects: 2.020800 ms  DeleteObjects: 0.069200 ms)

========================================================================
Received Prepare
Registering precompiled user dll's ...
Registered in 0.004480 seconds.
Begin MonoManager ReloadAssembly
Native extension for WindowsStandalone target not found
Native extension for WebGL target not found
Refreshing native plugins compatible for Editor in 0.35 ms, found 2 plugins.
Preloading 0 native plugins for Editor in 0.00 ms.
Mono: successfully reloaded assembly
- Completed reload, in  1.228 seconds
Platform modules already initialized, skipping
Refreshing native plugins compatible for Editor in 0.32 ms, found 2 plugins.
Preloading 0 native plugins for Editor in 0.00 ms.
Unloading 1382 Unused Serialized files (Serialized files now loaded: 0)
System memory in use before: 67.9 MB.
System memory in use after: 68.0 MB.

Unloading 14 unused Assets to reduce memory usage. Loaded Objects now: 1900.
Total: 2.342000 ms (FindLiveObjects: 0.164900 ms CreateObjectMapping: 0.047400 ms MarkObjects: 2.025800 ms  DeleteObjects: 0.101600 ms)

========================================================================
Received Prepare
Registering precompiled user dll's ...
Registered in 0.006763 seconds.
Begin MonoManager ReloadAssembly
Native extension for WindowsStandalone target not found
Native extension for WebGL target not found
Refreshing native plugins compatible for Editor in 0.41 ms, found 2 plugins.
Preloading 0 native plugins for Editor in 0.00 ms.
Mono: successfully reloaded assembly
- Completed reload, in  1.042 seconds
Platform modules already initialized, skipping
Refreshing native plugins compatible for Editor in 0.30 ms, found 2 plugins.
Preloading 0 native plugins for Editor in 0.00 ms.
Unloading 1382 Unused Serialized files (Serialized files now loaded: 0)
System memory in use before: 67.9 MB.
System memory in use after: 68.0 MB.

Unloading 14 unused Assets to reduce memory usage. Loaded Objects now: 1903.
Total: 2.052700 ms (FindLiveObjects: 0.142900 ms CreateObjectMapping: 0.036100 ms MarkObjects: 1.783700 ms  DeleteObjects: 0.088800 ms)

========================================================================
Received Prepare
Registering precompiled user dll's ...
Registered in 0.004293 seconds.
Begin MonoManager ReloadAssembly
Native extension for WindowsStandalone target not found
Native extension for WebGL target not found
Refreshing native plugins compatible for Editor in 0.58 ms, found 2 plugins.
Preloading 0 native plugins for Editor in 0.00 ms.
Mono: successfully reloaded assembly
- Completed reload, in  1.021 seconds
Platform modules already initialized, skipping
Refreshing native plugins compatible for Editor in 0.39 ms, found 2 plugins.
Preloading 0 native plugins for Editor in 0.00 ms.
Unloading 1382 Unused Serialized files (Serialized files now loaded: 0)
System memory in use before: 67.9 MB.
System memory in use after: 68.0 MB.

Unloading 14 unused Assets to reduce memory usage. Loaded Objects now: 1906.
Total: 1.771500 ms (FindLiveObjects: 0.150600 ms CreateObjectMapping: 0.041900 ms MarkObjects: 1.528000 ms  DeleteObjects: 0.050100 ms)

========================================================================
Received Prepare
Registering precompiled user dll's ...
Registered in 0.004802 seconds.
Begin MonoManager ReloadAssembly
Native extension for WindowsStandalone target not found
Native extension for WebGL target not found
Refreshing native plugins compatible for Editor in 0.39 ms, found 2 plugins.
Preloading 0 native plugins for Editor in 0.00 ms.
Mono: successfully reloaded assembly
- Completed reload, in  0.992 seconds
Platform modules already initialized, skipping
Refreshing native plugins compatible for Editor in 0.37 ms, found 2 plugins.
Preloading 0 native plugins for Editor in 0.00 ms.
Unloading 1382 Unused Serialized files (Serialized files now loaded: 0)
System memory in use before: 67.9 MB.
System memory in use after: 68.0 MB.

Unloading 14 unused Assets to reduce memory usage. Loaded Objects now: 1909.
Total: 2.083300 ms (FindLiveObjects: 0.183400 ms CreateObjectMapping: 0.042700 ms MarkObjects: 1.776700 ms  DeleteObjects: 0.079500 ms)

AssetImportWorkerClient::OnTransportError - code=2 error=End of file
